INFO  time: initialize in 0.11s
INFO  running 'sbt metalsEnable bloopInstall'
INFO  [info] Loading settings from idea.sbt,metals.sbt ...
INFO  [info] Loading global plugins from /Users/naderhajlaoui/.sbt/1.0/plugins
INFO  [info] Updating ProjectRef(uri("file:/Users/naderhajlaoui/.sbt/1.0/plugins/"), "global-plugins")...
INFO  [warn] 	::::::::::::::::::::::::::::::::::::::::::::::
INFO  [warn] 	::          UNRESOLVED DEPENDENCIES         ::
INFO  [warn] 	::::::::::::::::::::::::::::::::::::::::::::::
INFO  [warn] 	:: ch.epfl.scala#sbt-bloop;1.2.5: Resolution failed several times for dependency: ch.epfl.scala#sbt-bloop;1.2.5 {compile=[default(compile)]}:: 
[warn] 	my-maven-proxy-releases: unable to get resource for ch/epfl/scala#sbt-bloop;1.2.5: res=http://nexus.internal.stuart.com:8081/repository/maven-public/ch/epfl/scala/sbt-bloop_2.12_1.0/1.2.5/sbt-bloop-1.2.5.pom: java.net.UnknownHostException: nexus.internal.stuart.com: nodename nor servname provided, or not known
[warn] 	my-ivy-proxy-releases: unable to get resource for ch.epfl.scala#sbt-bloop;1.2.5: res=http://nexus.internal.stuart.com:8081/repository/ivy-public/ch.epfl.scala/sbt-bloop/scala_2.12/sbt_1.0/1.2.5/ivys/ivy.xml: java.net.UnknownHostException: nexus.internal.stuart.com
INFO  [warn] 	:: org.scalameta#sbt-metals;0.4.4: Resolution failed several times for dependency: org.scalameta#sbt-metals;0.4.4 {compile=[default(compile)]}:: 
[warn] 	my-maven-proxy-releases: unable to get resource for org/scalameta#sbt-metals;0.4.4: res=http://nexus.internal.stuart.com:8081/repository/maven-public/org/scalameta/sbt-metals_2.12_1.0/0.4.4/sbt-metals-0.4.4.pom: java.net.UnknownHostException: nexus.internal.stuart.com
[warn] 	my-ivy-proxy-releases: unable to get resource for org.scalameta#sbt-metals;0.4.4: res=http://nexus.internal.stuart.com:8081/repository/ivy-public/org.scalameta/sbt-metals/scala_2.12/sbt_1.0/0.4.4/ivys/ivy.xml: java.net.UnknownHostException: nexus.internal.stuart.com
INFO  [warn] 	::::::::::::::::::::::::::::::::::::::::::::::
INFO  [warn]
INFO  [warn] 	Note: Some unresolved dependencies have extra attributes.  Check that these dependencies exist with the requested attributes.
[warn] 		ch.epfl.scala:sbt-bloop:1.2.5 (scalaVersion=2.12, sbtVersion=1.0)
[warn] 		org.scalameta:sbt-metals:0.4.4 (scalaVersion=2.12, sbtVersion=1.0)
[warn] 
[warn] 	Note: Unresolved dependencies path:
[warn] 		ch.epfl.scala:sbt-bloop:1.2.5 (scalaVersion=2.12, sbtVersion=1.0) (/Users/naderhajlaoui/.sbt/1.0/plugins/metals.sbt#L6-24)
INFO  [warn] 		  +- org.scala-sbt:global-plugins:0.0 (scalaVersion=2.12, sbtVersion=1.0)
[warn] 		org.scalameta:sbt-metals:0.4.4 (scalaVersion=2.12, sbtVersion=1.0) (/Users/naderhajlaoui/.sbt/1.0/plugins/metals.sbt#L6-24)
[warn] 		  +- org.scala-sbt:global-plugins:0.0 (scalaVersion=2.12, sbtVersion=1.0)
INFO  [error] sbt.librarymanagement.ResolveException: unresolved dependency: ch.epfl.scala#sbt-bloop;1.2.5: Resolution failed several times for dependency: ch.epfl.scala#sbt-bloop;1.2.5 {compile=[default(compile)]}::
INFO  [error] 	my-maven-proxy-releases: unable to get resource for ch/epfl/scala#sbt-bloop;1.2.5: res=http://nexus.internal.stuart.com:8081/repository/maven-public/ch/epfl/scala/sbt-bloop_2.12_1.0/1.2.5/sbt-bloop-1.2.5.pom: java.net.UnknownHostException: nexus.internal.stuart.com: nodename nor servname provided, or not known
[error] 	my-ivy-proxy-releases: unable to get resource for ch.epfl.scala#sbt-bloop;1.2.5: res=http://nexus.internal.stuart.com:8081/repository/ivy-public/ch.epfl.scala/sbt-bloop/scala_2.12/sbt_1.0/1.2.5/ivys/ivy.xml: java.net.UnknownHostException: nexus.internal.stuart.com
[error] 
[error] unresolved dependency: org.scalameta#sbt-metals;0.4.4: Resolution failed several times for dependency: org.scalameta#sbt-metals;0.4.4 {compile=[default(compile)]}:: 
[error] 	my-maven-proxy-releases: unable to get resource for org/scalameta#sbt-metals;0.4.4: res=http://nexus.internal.stuart.com:8081/repository/maven-public/org/scalameta/sbt-metals_2.12_1.0/0.4.4/sbt-metals-0.4.4.pom: java.net.UnknownHostException: nexus.internal.stuart.com
[error] 	my-ivy-proxy-releases: unable to get resource for org.scalameta#sbt-metals;0.4.4: res=http://nexus.internal.stuart.com:8081/repository/ivy-public/org.scalameta/sbt-metals/scala_2.12/sbt_1.0/0.4.4/ivys/ivy.xml: java.net.UnknownHostException: nexus.internal.stuart.com
[error] 
[error] 	at sbt.internal.librarymanagement.IvyActions$.resolveAndRetrieve(IvyActions.scala:334)
[error] 	at sbt.internal.librarymanagement.IvyActions$.$anonfun$updateEither$1(IvyActions.scala:208)
[error] 	at sbt.internal.librarymanagement.IvySbt$Module.$anonfun$withModule$1(Ivy.scala:243)
[error] 	at sbt.internal.librarymanagement.IvySbt.$anonfun$withIvy$1(Ivy.scala:204)
[error] 	at sbt.internal.librarymanagement.IvySbt.sbt$internal$librarymanagement$IvySbt$$action$1(Ivy.scala:70)
[error] 	at sbt.internal.librarymanagement.IvySbt$$anon$3.call(Ivy.scala:77)
[error] 	at xsbt.boot.Locks$GlobalLock.withChannel$1(Locks.scala:95)
[error] 	at xsbt.boot.Locks$GlobalLock.xsbt$boot$Locks$GlobalLock$$withChannelRetries$1(Locks.scala:80)
[error] 	at xsbt.boot.Locks$GlobalLock$$anonfun$withFileLock$1.apply(Locks.scala:99)
[error] 	at xsbt.boot.Using$.withResource(Using.scala:10)
[error] 	at xsbt.boot.Using$.apply(Using.scala:9)
[error] 	at xsbt.boot.Locks$GlobalLock.ignoringDeadlockAvoided(Locks.scala:60)
[error] 	at xsbt.boot.Locks$GlobalLock.withLock(Locks.scala:50)
[error] 	at xsbt.boot.Locks$.apply0(Locks.scala:31)
[error] 	at xsbt.boot.Locks$.apply(Locks.scala:28)
[error] 	at sbt.internal.librarymanagement.IvySbt.withDefaultLogger(Ivy.scala:77)
[error] 	at sbt.internal.librarymanagement.IvySbt.withIvy(Ivy.scala:199)
[error] 	at sbt.internal.librarymanagement.IvySbt.withIvy(Ivy.scala:196)
[error] 	at sbt.internal.librarymanagement.IvySbt$Module.withModule(Ivy.scala:242)
[error] 	at sbt.internal.librarymanagement.IvyActions$.updateEither(IvyActions.scala:193)
[error] 	at sbt.librarymanagement.ivy.IvyDependencyResolution.update(IvyDependencyResolution.scala:20)
[error] 	at sbt.librarymanagement.DependencyResolution.update(DependencyResolution.scala:56)
[error] 	at sbt.internal.LibraryManagement$.resolve$1(LibraryManagement.scala:46)
[error] 	at sbt.internal.LibraryManagement$.$anonfun$cachedUpdate$12(LibraryManagement.scala:99)
[error] 	at sbt.util.Tracked$.$anonfun$lastOutput$1(Tracked.scala:68)
[error] 	at sbt.internal.LibraryManagement$.$anonfun$cachedUpdate$19(LibraryManagement.scala:112)
[error] 	at scala.util.control.Exception$Catch.apply(Exception.scala:224)
[error] 	at sbt.internal.LibraryManagement$.$anonfun$cachedUpdate$11(LibraryManagement.scala:112)
[error] 	at sbt.internal.LibraryManagement$.$anonfun$cachedUpdate$11$adapted(LibraryManagement.scala:95)
[error] 	at sbt.util.Tracked$.$anonfun$inputChanged$1(Tracked.scala:149)
[error] 	at sbt.internal.LibraryManagement$.cachedUpdate(LibraryManagement.scala:126)
[error] 	at sbt.Classpaths$.$anonfun$updateTask$5(Defaults.scala:2398)
[error] 	at scala.Function1.$anonfun$compose$1(Function1.scala:44)
[error] 	at sbt.internal.util.$tilde$greater.$anonfun$$u2219$1(TypeFunctions.scala:39)
INFO  [error] 	at sbt.std.Transform$$anon$4.work(System.scala:66)
[error] 	at sbt.Execute.$anonfun$submit$2(Execute.scala:263)
[error] 	at sbt.internal.util.ErrorHandling$.wideConvert(ErrorHandling.scala:16)
[error] 	at sbt.Execute.work(Execute.scala:272)
[error] 	at sbt.Execute.$anonfun$submit$1(Execute.scala:263)
[error] 	at sbt.ConcurrentRestrictions$$anon$4.$anonfun$submitValid$1(ConcurrentRestrictions.scala:174)
[error] 	at sbt.CompletionService$$anon$2.call(CompletionService.scala:37)
[error] 	at java.util.concurrent.FutureTask.run(FutureTask.java:266)
[error] 	at java.util.concurrent.Executors$RunnableAdapter.call(Executors.java:511)
[error] 	at java.util.concurrent.FutureTask.run(FutureTask.java:266)
[error] 	at java.util.concurrent.ThreadPoolExecutor.runWorker(ThreadPoolExecutor.java:1149)
[error] 	at java.util.concurrent.ThreadPoolExecutor$Worker.run(ThreadPoolExecutor.java:624)
[error] 	at java.lang.Thread.run(Thread.java:748)
INFO  [error] (update) sbt.librarymanagement.ResolveException: unresolved dependency: ch.epfl.scala#sbt-bloop;1.2.5: Resolution failed several times for dependency: ch.epfl.scala#sbt-bloop;1.2.5 {compile=[default(compile)]}:: 
[error] 	my-maven-proxy-releases: unable to get resource for ch/epfl/scala#sbt-bloop;1.2.5: res=http://nexus.internal.stuart.com:8081/repository/maven-public/ch/epfl/scala/sbt-bloop_2.12_1.0/1.2.5/sbt-bloop-1.2.5.pom: java.net.UnknownHostException: nexus.internal.stuart.com: nodename nor servname provided, or not known
[error] 	my-ivy-proxy-releases: unable to get resource for ch.epfl.scala#sbt-bloop;1.2.5: res=http://nexus.internal.stuart.com:8081/repository/ivy-public/ch.epfl.scala/sbt-bloop/scala_2.12/sbt_1.0/1.2.5/ivys/ivy.xml: java.net.UnknownHostException: nexus.internal.stuart.com
[error] 
[error] unresolved dependency: org.scalameta#sbt-metals;0.4.4: Resolution failed several times for dependency: org.scalameta#sbt-metals;0.4.4 {compile=[default(compile)]}:: 
[error] 	my-maven-proxy-releases: unable to get resource for org/scalameta#sbt-metals;0.4.4: res=http://nexus.internal.stuart.com:8081/repository/maven-public/org/scalameta/sbt-metals_2.12_1.0/0.4.4/sbt-metals-0.4.4.pom: java.net.UnknownHostException: nexus.internal.stuart.com
[error] 	my-ivy-proxy-releases: unable to get resource for org.scalameta#sbt-metals;0.4.4: res=http://nexus.internal.stuart.com:8081/repository/ivy-public/org.scalameta/sbt-metals/scala_2.12/sbt_1.0/0.4.4/ivys/ivy.xml: java.net.UnknownHostException: nexus.internal.stuart.com
INFO  Project loading failed: (r)etry, (q)uit, (l)ast, or (i)gnore?
INFO  sbt exit: 1
INFO  time: ran 'sbt bloopInstall' in 22s
ERROR sbt command failed: /Library/Java/JavaVirtualMachines/jdk1.8.0_152.jdk/Contents/Home/jre/bin/java -Djline.terminal=jline.UnsupportedTerminal -Dsbt.log.noformat=true -Dfile.encoding=UTF-8 -jar /var/folders/zs/8dpdshyj01s09c51z4_srzg00000gn/T/metals1378035629965148426/sbt-launch.jar metalsEnable bloopInstall
WARN  code navigation does not work for the file '/Users/naderhajlaoui/Downloads/kvstore/src/main/scala/kvstore/Replica.scala' because it doesn't belong to a build target.
WARN  code navigation does not work for the file '/Users/naderhajlaoui/Downloads/kvstore/src/main/scala/kvstore/Replica.scala' because it doesn't belong to a build target.
WARN  code navigation does not work for the file '/Users/naderhajlaoui/Downloads/kvstore/src/main/scala/kvstore/Replica.scala' because it doesn't belong to a build target.
WARN  code navigation does not work for the file '/Users/naderhajlaoui/Downloads/kvstore/src/main/scala/kvstore/Replica.scala' because it doesn't belong to a build target.
WARN  code navigation does not work for the file '/Users/naderhajlaoui/Downloads/kvstore/src/main/scala/kvstore/Replica.scala' because it doesn't belong to a build target.
WARN  code navigation does not work for the file '/Users/naderhajlaoui/Downloads/kvstore/src/main/scala/kvstore/Replica.scala' because it doesn't belong to a build target.
INFO  shutting down Metals
